# JRE version: Java(TM) SE Runtime Environment (7.0_71-b14) (build 1.7.0_71-b14)
# Java VM: Java HotSpot(TM) 64-Bit Server VM (24.71-b01 mixed mode windows-amd64 compressed oops)
Heap
 PSYoungGen      total 309760K, used 144039K [0x00000000eaa80000, 0x0000000100000000, 0x0000000100000000)
  eden space 267776K, 47% used [0x00000000eaa80000,0x00000000f259e2b0,0x00000000fb000000)
  from space 41984K, 42% used [0x00000000fd700000,0x00000000fe88ba58,0x0000000100000000)
  to   space 39936K, 0% used [0x00000000fb000000,0x00000000fb000000,0x00000000fd700000)
 ParOldGen       total 116736K, used 51640K [0x00000000c0000000, 0x00000000c7200000, 0x00000000eaa80000)
  object space 116736K, 44% used [0x00000000c0000000,0x00000000c326e358,0x00000000c7200000)
 PSPermGen       total 102400K, used 69661K [0x00000000b0000000, 0x00000000b6400000, 0x00000000c0000000)
  object space 102400K, 68% used [0x00000000b0000000,0x00000000b4407500,0x00000000b6400000)
GC Heap History (10 events):
Event: 987.990 GC heap before
{Heap before GC invocations=13 (full 2):
 PSYoungGen      total 309248K, used 14246K [0x00000000eaa80000, 0x0000000100000000, 0x0000000100000000)
  eden space 268800K, 0% used [0x00000000eaa80000,0x00000000eaa80000,0x00000000fb100000)
  from space 40448K, 35% used [0x00000000fb100000,0x00000000fbee98a0,0x00000000fd880000)
  to   space 38912K, 0% used [0x00000000fda00000,0x00000000fda00000,0x0000000100000000)
 ParOldGen       total 85504K, used 85434K [0x00000000c0000000, 0x00000000c5380000, 0x00000000eaa80000)
  object space 85504K, 99% used [0x00000000c0000000,0x00000000c536eb10,0x00000000c5380000)
 PSPermGen       total 78336K, used 60755K [0x00000000b0000000, 0x00000000b4c80000, 0x00000000c0000000)
  object space 78336K, 77% used [0x00000000b0000000,0x00000000b3b54dc0,0x00000000b4c80000)
Event: 988.288 GC heap after
Heap after GC invocations=13 (full 2):
 PSYoungGen      total 309248K, used 0K [0x00000000eaa80000, 0x0000000100000000, 0x0000000100000000)
  eden space 268800K, 0% used [0x00000000eaa80000,0x00000000eaa80000,0x00000000fb100000)
  from space 40448K, 0% used [0x00000000fb100000,0x00000000fb100000,0x00000000fd880000)
  to   space 38912K, 0% used [0x00000000fda00000,0x00000000fda00000,0x0000000100000000)
 ParOldGen       total 116736K, used 57385K [0x00000000c0000000, 0x00000000c7200000, 0x00000000eaa80000)
  object space 116736K, 49% used [0x00000000c0000000,0x00000000c380a5f0,0x00000000c7200000)
 PSPermGen       total 103424K, used 59577K [0x00000000b0000000, 0x00000000b6500000, 0x00000000c0000000)
  object space 103424K, 57% used [0x00000000b0000000,0x00000000b3a2e538,0x00000000b6500000)
}
Event: 988.619 GC heap before
{Heap before GC invocations=14 (full 2):
 PSYoungGen      total 309248K, used 17965K [0x00000000eaa80000, 0x0000000100000000, 0x0000000100000000)
  eden space 268800K, 6% used [0x00000000eaa80000,0x00000000ebc0b5c8,0x00000000fb100000)
  from space 40448K, 0% used [0x00000000fb100000,0x00000000fb100000,0x00000000fd880000)
  to   space 38912K, 0% used [0x00000000fda00000,0x00000000fda00000,0x0000000100000000)
 ParOldGen       total 116736K, used 57385K [0x00000000c0000000, 0x00000000c7200000, 0x00000000eaa80000)
  object space 116736K, 49% used [0x00000000c0000000,0x00000000c380a5f0,0x00000000c7200000)
 PSPermGen       total 103424K, used 59729K [0x00000000b0000000, 0x00000000b6500000, 0x00000000c0000000)
  object space 103424K, 57% used [0x00000000b0000000,0x00000000b3a54470,0x00000000b6500000)
Event: 988.623 GC heap after
Heap after GC invocations=14 (full 2):
 PSYoungGen      total 308736K, used 787K [0x00000000eaa80000, 0x00000000fff80000, 0x0000000100000000)
  eden space 270336K, 0% used [0x00000000eaa80000,0x00000000eaa80000,0x00000000fb280000)
  from space 38400K, 2% used [0x00000000fda00000,0x00000000fdac4da8,0x00000000fff80000)
  to   space 39424K, 0% used [0x00000000fb280000,0x00000000fb280000,0x00000000fd900000)
 ParOldGen       total 116736K, used 57393K [0x00000000c0000000, 0x00000000c7200000, 0x00000000eaa80000)
  object space 116736K, 49% used [0x00000000c0000000,0x00000000c380c5f0,0x00000000c7200000)
 PSPermGen       total 103424K, used 59729K [0x00000000b0000000, 0x00000000b6500000, 0x00000000c0000000)
  object space 103424K, 57% used [0x00000000b0000000,0x00000000b3a54470,0x00000000b6500000)
}
Event: 988.623 GC heap before
{Heap before GC invocations=15 (full 3):
 PSYoungGen      total 308736K, used 787K [0x00000000eaa80000, 0x00000000fff80000, 0x0000000100000000)
  eden space 270336K, 0% used [0x00000000eaa80000,0x00000000eaa80000,0x00000000fb280000)
  from space 38400K, 2% used [0x00000000fda00000,0x00000000fdac4da8,0x00000000fff80000)
  to   space 39424K, 0% used [0x00000000fb280000,0x00000000fb280000,0x00000000fd900000)
 ParOldGen       total 116736K, used 57393K [0x00000000c0000000, 0x00000000c7200000, 0x00000000eaa80000)
  object space 116736K, 49% used [0x00000000c0000000,0x00000000c380c5f0,0x00000000c7200000)
 PSPermGen       total 103424K, used 59729K [0x00000000b0000000, 0x00000000b6500000, 0x00000000c0000000)
  object space 103424K, 57% used [0x00000000b0000000,0x00000000b3a54470,0x00000000b6500000)
Event: 988.843 GC heap after
Heap after GC invocations=15 (full 3):
 PSYoungGen      total 308736K, used 0K [0x00000000eaa80000, 0x00000000fff80000, 0x0000000100000000)
  eden space 270336K, 0% used [0x00000000eaa80000,0x00000000eaa80000,0x00000000fb280000)
  from space 38400K, 0% used [0x00000000fda00000,0x00000000fda00000,0x00000000fff80000)
  to   space 39424K, 0% used [0x00000000fb280000,0x00000000fb280000,0x00000000fd900000)
 ParOldGen       total 116736K, used 32198K [0x00000000c0000000, 0x00000000c7200000, 0x00000000eaa80000)
  object space 116736K, 27% used [0x00000000c0000000,0x00000000c1f71b60,0x00000000c7200000)
 PSPermGen       total 102400K, used 52812K [0x00000000b0000000, 0x00000000b6400000, 0x00000000c0000000)
  object space 102400K, 51% used [0x00000000b0000000,0x00000000b3393030,0x00000000b6400000)
}
Event: 1025.904 GC heap before
{Heap before GC invocations=16 (full 3):
 PSYoungGen      total 308736K, used 270336K [0x00000000eaa80000, 0x00000000fff80000, 0x0000000100000000)
  eden space 270336K, 100% used [0x00000000eaa80000,0x00000000fb280000,0x00000000fb280000)
  from space 38400K, 0% used [0x00000000fda00000,0x00000000fda00000,0x00000000fff80000)
  to   space 39424K, 0% used [0x00000000fb280000,0x00000000fb280000,0x00000000fd900000)
 ParOldGen       total 116736K, used 32198K [0x00000000c0000000, 0x00000000c7200000, 0x00000000eaa80000)
  object space 116736K, 27% used [0x00000000c0000000,0x00000000c1f71b60,0x00000000c7200000)
 PSPermGen       total 102400K, used 60289K [0x00000000b0000000, 0x00000000b6400000, 0x00000000c0000000)
  object space 102400K, 58% used [0x00000000b0000000,0x00000000b3ae0758,0x00000000b6400000)
Event: 1025.930 GC heap after
Heap after GC invocations=16 (full 3):
 PSYoungGen      total 299520K, used 29008K [0x00000000eaa80000, 0x0000000100000000, 0x0000000100000000)
  eden space 270336K, 0% used [0x00000000eaa80000,0x00000000eaa80000,0x00000000fb280000)
  from space 29184K, 99% used [0x00000000fb280000,0x00000000fced4198,0x00000000fcf00000)
  to   space 41984K, 0% used [0x00000000fd700000,0x00000000fd700000,0x0000000100000000)
 ParOldGen       total 116736K, used 32198K [0x00000000c0000000, 0x00000000c7200000, 0x00000000eaa80000)
  object space 116736K, 27% used [0x00000000c0000000,0x00000000c1f71b60,0x00000000c7200000)
 PSPermGen       total 102400K, used 60289K [0x00000000b0000000, 0x00000000b6400000, 0x00000000c0000000)
  object space 102400K, 58% used [0x00000000b0000000,0x00000000b3ae0758,0x00000000b6400000)
}
Event: 1030.243 GC heap before
{Heap before GC invocations=17 (full 3):
 PSYoungGen      total 299520K, used 299344K [0x00000000eaa80000, 0x0000000100000000, 0x0000000100000000)
  eden space 270336K, 100% used [0x00000000eaa80000,0x00000000fb280000,0x00000000fb280000)
  from space 29184K, 99% used [0x00000000fb280000,0x00000000fced4198,0x00000000fcf00000)
  to   space 41984K, 0% used [0x00000000fd700000,0x00000000fd700000,0x0000000100000000)
 ParOldGen       total 116736K, used 32198K [0x00000000c0000000, 0x00000000c7200000, 0x00000000eaa80000)
  object space 116736K, 27% used [0x00000000c0000000,0x00000000c1f71b60,0x00000000c7200000)
 PSPermGen       total 102400K, used 67635K [0x00000000b0000000, 0x00000000b6400000, 0x00000000c0000000)
  object space 102400K, 66% used [0x00000000b0000000,0x00000000b420cdd0,0x00000000b6400000)
Event: 1030.270 GC heap after
Heap after GC invocations=17 (full 3):
 PSYoungGen      total 309760K, used 17966K [0x00000000eaa80000, 0x0000000100000000, 0x0000000100000000)
  eden space 267776K, 0% used [0x00000000eaa80000,0x00000000eaa80000,0x00000000fb000000)
  from space 41984K, 42% used [0x00000000fd700000,0x00000000fe88ba58,0x0000000100000000)
  to   space 39936K, 0% used [0x00000000fb000000,0x00000000fb000000,0x00000000fd700000)
 ParOldGen       total 116736K, used 51640K [0x00000000c0000000, 0x00000000c7200000, 0x00000000eaa80000)
  object space 116736K, 44% used [0x00000000c0000000,0x00000000c326e358,0x00000000c7200000)
 PSPermGen       total 102400K, used 67635K [0x00000000b0000000, 0x00000000b6400000, 0x00000000c0000000)
  object space 102400K, 66% used [0x00000000b0000000,0x00000000b420cdd0,0x00000000b6400000)
}

